2024-05-19 04:31:17.286 [info] Log level: Info
2024-05-19 04:31:17.286 [info] Validating found git in: "git"
2024-05-19 04:31:17.286 [info] Using git "2.45.0" from "git"
2024-05-19 04:31:17.286 [info] > git rev-parse --show-toplevel [2ms]
2024-05-19 04:31:17.286 [info] fatal: not a git repository (or any parent up to mount point /)
Stopping at filesystem boundary (GIT_DISCOVERY_ACROSS_FILESYSTEM not set).
2024-05-19 04:31:17.286 [info] > git rev-parse --show-toplevel [2ms]
2024-05-19 04:31:17.286 [info] fatal: not a git repository (or any parent up to mount point /)
Stopping at filesystem boundary (GIT_DISCOVERY_ACROSS_FILESYSTEM not set).
2024-05-19 04:31:17.286 [info] > git rev-parse --show-toplevel [4ms]
2024-05-19 04:31:17.286 [info] fatal: not a git repository (or any parent up to mount point /)
Stopping at filesystem boundary (GIT_DISCOVERY_ACROSS_FILESYSTEM not set).
2024-05-19 04:31:17.293 [info] > git rev-parse --show-toplevel [1ms]
2024-05-19 04:31:17.293 [info] fatal: not a git repository (or any parent up to mount point /)
Stopping at filesystem boundary (GIT_DISCOVERY_ACROSS_FILESYSTEM not set).
2024-05-19 04:31:17.298 [info] > git rev-parse --show-toplevel [0ms]
2024-05-19 04:31:17.298 [info] fatal: not a git repository (or any parent up to mount point /)
Stopping at filesystem boundary (GIT_DISCOVERY_ACROSS_FILESYSTEM not set).
2024-05-19 04:31:18.892 [info] > git rev-parse --show-toplevel [1227ms]
2024-05-19 04:31:18.893 [info] fatal: not a git repository (or any parent up to mount point /)
Stopping at filesystem boundary (GIT_DISCOVERY_ACROSS_FILESYSTEM not set).
2024-05-19 04:31:18.933 [info] > git rev-parse --show-toplevel [11ms]
2024-05-19 04:31:18.933 [info] fatal: not a git repository (or any parent up to mount point /)
Stopping at filesystem boundary (GIT_DISCOVERY_ACROSS_FILESYSTEM not set).
2024-05-19 04:31:18.948 [info] > git rev-parse --show-toplevel [10ms]
2024-05-19 04:31:18.948 [info] fatal: not a git repository (or any parent up to mount point /)
Stopping at filesystem boundary (GIT_DISCOVERY_ACROSS_FILESYSTEM not set).
2024-05-19 04:31:18.957 [info] > git rev-parse --show-toplevel [3ms]
2024-05-19 04:31:18.957 [info] fatal: not a git repository (or any parent up to mount point /)
Stopping at filesystem boundary (GIT_DISCOVERY_ACROSS_FILESYSTEM not set).
2024-05-19 04:32:43.413 [info] > git rev-parse --show-toplevel [1ms]
2024-05-19 04:32:43.413 [info] fatal: not a git repository (or any parent up to mount point /)
Stopping at filesystem boundary (GIT_DISCOVERY_ACROSS_FILESYSTEM not set).
2024-05-19 04:33:16.521 [info] > git rev-parse --show-toplevel [1ms]
2024-05-19 04:33:16.521 [info] fatal: not a git repository (or any parent up to mount point /)
Stopping at filesystem boundary (GIT_DISCOVERY_ACROSS_FILESYSTEM not set).
2024-05-19 04:33:39.589 [info] > git rev-parse --show-toplevel [1ms]
2024-05-19 04:33:39.589 [info] fatal: not a git repository (or any parent up to mount point /)
Stopping at filesystem boundary (GIT_DISCOVERY_ACROSS_FILESYSTEM not set).
2024-05-19 04:33:39.619 [info] > git rev-parse --show-toplevel [1ms]
2024-05-19 04:33:39.619 [info] fatal: not a git repository (or any parent up to mount point /)
Stopping at filesystem boundary (GIT_DISCOVERY_ACROSS_FILESYSTEM not set).
2024-05-19 04:36:56.669 [info] > git rev-parse --show-toplevel [1ms]
2024-05-19 04:36:56.669 [info] fatal: not a git repository (or any parent up to mount point /)
Stopping at filesystem boundary (GIT_DISCOVERY_ACROSS_FILESYSTEM not set).
