2024-05-18 23:29:36.831 [info] Added views:workbench.panel.markers.view in workbench.panel.markers
2024-05-18 23:29:36.831 [info] Added views:workbench.panel.output in workbench.panel.output
2024-05-18 23:29:36.831 [info] Added views:terminal in terminal
2024-05-18 23:29:36.831 [info] Added views:workbench.scm in workbench.view.scm
2024-05-18 23:29:36.831 [info] Added views:workbench.view.search in workbench.view.search
2024-05-18 23:29:36.831 [info] Added views:workbench.explorer.emptyView in workbench.view.explorer
2024-05-18 23:29:36.984 [info] Added views:workbench.debug.welcome in workbench.view.debug
2024-05-18 23:29:37.204 [info] Added views:~remote.forwardedPorts in ~remote.forwardedPortsContainer
2024-05-18 23:29:37.283 [info] Added views:workbench.panel.repl.view in workbench.panel.repl
2024-05-18 23:29:45.680 [info] Added views:workbench.views.extensions.installed,workbench.views.extensions.popular in workbench.view.extensions
2024-05-18 23:29:45.685 [info] Removed views:workbench.views.extensions.popular from workbench.view.extensions
2024-05-18 23:29:50.101 [info] Removed views:workbench.views.extensions.installed from workbench.view.extensions
2024-05-18 23:29:50.107 [info] Added views:workbench.views.extensions.marketplace in workbench.view.extensions
2024-05-18 23:30:38.210 [info] Added views:workbench.view.testing in workbench.view.extension.test
2024-05-18 23:31:49.000 [info] Removed views:workbench.views.extensions.marketplace from workbench.view.extensions
2024-05-18 23:31:49.009 [info] Added views:workbench.views.extensions.installed in workbench.view.extensions
2024-05-18 23:33:54.026 [info] Removed views:workbench.views.extensions.installed from workbench.view.extensions
2024-05-18 23:33:54.036 [info] Added views:workbench.views.extensions.marketplace in workbench.view.extensions
2024-05-18 23:35:17.183 [info] Added views:go.explorer in workbench.view.explorer
2024-05-18 23:36:43.974 [info] Added views:workbench.debug.breakPointsView in workbench.view.debug
2024-05-18 23:36:54.969 [info] Removed views:workbench.debug.welcome from workbench.view.debug
2024-05-18 23:36:54.997 [info] Added views:workbench.debug.variablesView,workbench.debug.watchExpressionsView,workbench.debug.callStackView in workbench.view.debug
2024-05-18 23:36:55.782 [info] Removed views:workbench.debug.callStackView,workbench.debug.watchExpressionsView,workbench.debug.variablesView from workbench.view.debug
2024-05-18 23:36:55.795 [info] Added views:workbench.debug.welcome in workbench.view.debug
2024-05-18 23:40:53.679 [info] Removed views:workbench.view.testing from workbench.view.extension.test
