2024-05-19 04:31:18.959 [info] Reading sessions from keychain...
2024-05-19 04:31:18.959 [info] Getting sessions for all scopes...
2024-05-19 04:31:18.959 [info] Getting sessions for user:email...
2024-05-19 04:31:18.959 [info] Got stored sessions!
2024-05-19 04:31:18.959 [info] Got 1 verified sessions.
2024-05-19 04:31:18.959 [info] Got 1 sessions for ...
2024-05-19 04:31:18.959 [info] Got 1 sessions for user:email...
2024-05-19 04:31:18.959 [info] Getting sessions for read:user,repo,user:email,workflow...
2024-05-19 04:31:18.959 [info] Got 0 sessions for read:user,repo,user:email,workflow...
2024-05-19 04:31:18.959 [info] Getting sessions for read:user,repo,user:email,workflow...
2024-05-19 04:31:18.959 [info] Got 0 sessions for read:user,repo,user:email,workflow...
2024-05-19 04:31:18.959 [info] Getting sessions for read:user...
2024-05-19 04:31:18.959 [info] Got 0 sessions for read:user...
2024-05-19 04:31:18.959 [info] Getting sessions for user:email...
2024-05-19 04:31:18.959 [info] Got 1 sessions for user:email...
2024-05-19 04:31:18.960 [info] Getting sessions for read:user...
2024-05-19 04:31:18.960 [info] Got 0 sessions for read:user...
2024-05-19 04:31:19.003 [info] Getting sessions for user:email...
2024-05-19 04:31:19.003 [info] Got 1 sessions for user:email...
2024-05-19 04:31:19.556 [info] Getting sessions for read:user,repo,user:email,workflow...
2024-05-19 04:31:19.556 [info] Got 0 sessions for read:user,repo,user:email,workflow...
2024-05-19 04:31:19.556 [info] Getting sessions for read:user...
2024-05-19 04:31:19.556 [info] Got 0 sessions for read:user...
2024-05-19 04:31:19.557 [info] Getting sessions for user:email...
2024-05-19 04:31:19.557 [info] Got 1 sessions for user:email...
2024-05-19 04:31:19.619 [info] Getting sessions for read:user,repo,user:email,workflow...
2024-05-19 04:31:19.619 [info] Got 0 sessions for read:user,repo,user:email,workflow...
2024-05-19 04:31:19.619 [info] Getting sessions for read:user...
2024-05-19 04:31:19.619 [info] Got 0 sessions for read:user...
2024-05-19 04:31:19.619 [info] Getting sessions for user:email...
2024-05-19 04:31:19.619 [info] Got 1 sessions for user:email...
2024-05-19 04:31:20.234 [info] Getting sessions for read:user,repo,user:email,workflow...
2024-05-19 04:31:20.234 [info] Got 0 sessions for read:user,repo,user:email,workflow...
2024-05-19 04:31:20.234 [info] Getting sessions for read:user...
2024-05-19 04:31:20.234 [info] Got 0 sessions for read:user...
2024-05-19 04:31:20.234 [info] Getting sessions for user:email...
2024-05-19 04:31:20.234 [info] Got 1 sessions for user:email...
2024-05-19 04:32:38.577 [info] Getting sessions for read:user,repo,user:email,workflow...
2024-05-19 04:32:38.577 [info] Got 0 sessions for read:user,repo,user:email,workflow...
2024-05-19 04:32:38.578 [info] Getting sessions for read:user...
2024-05-19 04:32:38.578 [info] Got 0 sessions for read:user...
2024-05-19 04:32:38.578 [info] Getting sessions for user:email...
2024-05-19 04:32:38.578 [info] Got 1 sessions for user:email...
2024-05-19 04:37:59.637 [info] Getting sessions for all scopes...
2024-05-19 04:37:59.637 [info] Got 1 sessions for ...
2024-05-19 04:39:14.234 [info] Getting sessions for all scopes...
2024-05-19 04:39:14.234 [info] Got 1 sessions for ...
2024-05-19 04:39:17.096 [info] Getting sessions for all scopes...
2024-05-19 04:39:17.096 [info] Got 1 sessions for ...
2024-05-19 04:46:20.235 [info] Getting sessions for read:user,repo,user:email,workflow...
2024-05-19 04:46:20.235 [info] Got 0 sessions for read:user,repo,user:email,workflow...
2024-05-19 04:46:20.235 [info] Getting sessions for read:user...
2024-05-19 04:46:20.235 [info] Got 0 sessions for read:user...
2024-05-19 04:46:20.236 [info] Getting sessions for user:email...
2024-05-19 04:46:20.236 [info] Got 1 sessions for user:email...
2024-05-19 04:56:19.549 [info] Getting sessions for read:user,repo,user:email,workflow...
2024-05-19 04:56:19.550 [info] Got 0 sessions for read:user,repo,user:email,workflow...
2024-05-19 04:56:19.550 [info] Getting sessions for read:user...
2024-05-19 04:56:19.550 [info] Got 0 sessions for read:user...
2024-05-19 04:56:19.551 [info] Getting sessions for user:email...
2024-05-19 04:56:19.551 [info] Got 1 sessions for user:email...
2024-05-19 04:56:19.560 [info] Getting sessions for read:user,repo,user:email,workflow...
2024-05-19 04:56:19.560 [info] Got 0 sessions for read:user,repo,user:email,workflow...
2024-05-19 04:56:19.561 [info] Getting sessions for read:user...
2024-05-19 04:56:19.561 [info] Got 0 sessions for read:user...
2024-05-19 04:56:19.562 [info] Getting sessions for user:email...
2024-05-19 04:56:19.562 [info] Got 1 sessions for user:email...
2024-05-19 04:56:20.006 [info] Getting sessions for read:user,repo,user:email,workflow...
2024-05-19 04:56:20.006 [info] Got 0 sessions for read:user,repo,user:email,workflow...
2024-05-19 04:56:20.007 [info] Getting sessions for read:user...
2024-05-19 04:56:20.007 [info] Got 0 sessions for read:user...
2024-05-19 04:56:20.007 [info] Getting sessions for user:email...
2024-05-19 04:56:20.007 [info] Got 1 sessions for user:email...
2024-05-19 05:01:20.242 [info] Getting sessions for read:user,repo,user:email,workflow...
2024-05-19 05:01:20.242 [info] Got 0 sessions for read:user,repo,user:email,workflow...
2024-05-19 05:01:20.242 [info] Getting sessions for read:user...
2024-05-19 05:01:20.242 [info] Got 0 sessions for read:user...
2024-05-19 05:01:20.243 [info] Getting sessions for user:email...
2024-05-19 05:01:20.243 [info] Got 1 sessions for user:email...
2024-05-19 05:16:20.248 [info] Getting sessions for read:user,repo,user:email,workflow...
2024-05-19 05:16:20.248 [info] Got 0 sessions for read:user,repo,user:email,workflow...
2024-05-19 05:16:20.249 [info] Getting sessions for read:user...
2024-05-19 05:16:20.249 [info] Got 0 sessions for read:user...
2024-05-19 05:16:20.249 [info] Getting sessions for user:email...
2024-05-19 05:16:20.249 [info] Got 1 sessions for user:email...
2024-05-19 05:21:20.008 [info] Getting sessions for read:user,repo,user:email,workflow...
2024-05-19 05:21:20.008 [info] Got 0 sessions for read:user,repo,user:email,workflow...
2024-05-19 05:21:20.008 [info] Getting sessions for read:user...
2024-05-19 05:21:20.008 [info] Got 0 sessions for read:user...
2024-05-19 05:21:20.009 [info] Getting sessions for user:email...
2024-05-19 05:21:20.009 [info] Got 1 sessions for user:email...
2024-05-19 05:21:20.029 [info] Getting sessions for read:user,repo,user:email,workflow...
2024-05-19 05:21:20.029 [info] Got 0 sessions for read:user,repo,user:email,workflow...
2024-05-19 05:21:20.032 [info] Getting sessions for read:user...
2024-05-19 05:21:20.032 [info] Got 0 sessions for read:user...
2024-05-19 05:21:20.036 [info] Getting sessions for user:email...
2024-05-19 05:21:20.036 [info] Got 1 sessions for user:email...
2024-05-19 05:21:20.675 [info] Getting sessions for read:user,repo,user:email,workflow...
2024-05-19 05:21:20.675 [info] Got 0 sessions for read:user,repo,user:email,workflow...
2024-05-19 05:21:20.676 [info] Getting sessions for read:user...
2024-05-19 05:21:20.676 [info] Got 0 sessions for read:user...
2024-05-19 05:21:20.677 [info] Getting sessions for user:email...
2024-05-19 05:21:20.677 [info] Got 1 sessions for user:email...
2024-05-19 05:31:20.253 [info] Getting sessions for read:user,repo,user:email,workflow...
2024-05-19 05:31:20.253 [info] Got 0 sessions for read:user,repo,user:email,workflow...
2024-05-19 05:31:20.253 [info] Getting sessions for read:user...
2024-05-19 05:31:20.253 [info] Got 0 sessions for read:user...
2024-05-19 05:31:20.253 [info] Getting sessions for user:email...
2024-05-19 05:31:20.253 [info] Got 1 sessions for user:email...
2024-05-19 05:46:20.258 [info] Getting sessions for read:user,repo,user:email,workflow...
2024-05-19 05:46:20.258 [info] Got 0 sessions for read:user,repo,user:email,workflow...
2024-05-19 05:46:20.258 [info] Getting sessions for read:user...
2024-05-19 05:46:20.258 [info] Got 0 sessions for read:user...
2024-05-19 05:46:20.259 [info] Getting sessions for user:email...
2024-05-19 05:46:20.259 [info] Got 1 sessions for user:email...
2024-05-19 05:46:20.670 [info] Getting sessions for read:user,repo,user:email,workflow...
2024-05-19 05:46:20.670 [info] Got 0 sessions for read:user,repo,user:email,workflow...
2024-05-19 05:46:20.671 [info] Getting sessions for read:user...
2024-05-19 05:46:20.671 [info] Got 0 sessions for read:user...
2024-05-19 05:46:20.672 [info] Getting sessions for user:email...
2024-05-19 05:46:20.672 [info] Got 1 sessions for user:email...
2024-05-19 05:46:20.793 [info] Getting sessions for read:user,repo,user:email,workflow...
2024-05-19 05:46:20.793 [info] Got 0 sessions for read:user,repo,user:email,workflow...
2024-05-19 05:46:20.793 [info] Getting sessions for read:user...
2024-05-19 05:46:20.793 [info] Got 0 sessions for read:user...
2024-05-19 05:46:20.793 [info] Getting sessions for user:email...
2024-05-19 05:46:20.793 [info] Got 1 sessions for user:email...
2024-05-19 06:01:20.262 [info] Getting sessions for read:user,repo,user:email,workflow...
2024-05-19 06:01:20.263 [info] Got 0 sessions for read:user,repo,user:email,workflow...
2024-05-19 06:01:20.263 [info] Getting sessions for read:user...
2024-05-19 06:01:20.263 [info] Got 0 sessions for read:user...
2024-05-19 06:01:20.263 [info] Getting sessions for user:email...
2024-05-19 06:01:20.263 [info] Got 1 sessions for user:email...
2024-05-19 06:07:13.970 [info] Getting sessions for read:user,repo,user:email,workflow...
2024-05-19 06:07:13.970 [info] Got 0 sessions for read:user,repo,user:email,workflow...
2024-05-19 06:07:13.971 [info] Getting sessions for read:user...
2024-05-19 06:07:13.971 [info] Got 0 sessions for read:user...
2024-05-19 06:07:13.981 [info] Getting sessions for user:email...
2024-05-19 06:07:13.981 [info] Got 1 sessions for user:email...
2024-05-19 06:07:14.126 [info] Getting sessions for read:user,repo,user:email,workflow...
2024-05-19 06:07:14.127 [info] Got 0 sessions for read:user,repo,user:email,workflow...
2024-05-19 06:07:14.130 [info] Getting sessions for read:user...
2024-05-19 06:07:14.130 [info] Got 0 sessions for read:user...
2024-05-19 06:07:14.134 [info] Getting sessions for user:email...
2024-05-19 06:07:14.134 [info] Got 1 sessions for user:email...
