2024-05-18 23:29:22.406 [info] Reading sessions from keychain...
2024-05-18 23:29:22.406 [info] Getting sessions for all scopes...
2024-05-18 23:29:22.406 [info] Getting sessions for all scopes...
2024-05-18 23:29:22.406 [info] Got 0 sessions for ...
2024-05-18 23:29:22.406 [info] Got 0 sessions for ...
2024-05-18 23:29:22.406 [info] Getting sessions for user:email...
2024-05-18 23:29:22.406 [info] Got 0 sessions for user:email...
2024-05-18 23:29:23.305 [info] Logging in for the following scopes: user:email
2024-05-18 23:29:23.307 [info] Trying without local server... (user:email)
2024-05-18 23:29:27.616 [info] Exchanging code for token...
2024-05-18 23:29:27.860 [info] Token exchange success!
2024-05-18 23:29:27.862 [info] Getting user info...
2024-05-18 23:29:28.092 [info] Got account info!
2024-05-18 23:29:28.093 [info] Storing 1 sessions...
2024-05-18 23:29:30.021 [info] Reading sessions from keychain...
2024-05-18 23:29:30.022 [info] Stored 1 sessions!
2024-05-18 23:29:30.022 [info] Login success!
2024-05-18 23:29:30.032 [info] Getting sessions for user:email...
2024-05-18 23:29:30.033 [info] Got stored sessions!
2024-05-18 23:29:30.033 [info] Got 1 verified sessions.
2024-05-18 23:29:30.033 [info] Got 1 sessions for user:email...
2024-05-18 23:29:32.623 [info] Getting sessions for all scopes...
2024-05-18 23:29:32.623 [info] Got 1 sessions for ...
