2024-05-18 23:29:37.315 [info] Reading sessions from keychain...
2024-05-18 23:29:37.315 [info] Getting sessions for all scopes...
2024-05-18 23:29:37.315 [info] Got stored sessions!
2024-05-18 23:29:37.315 [info] Got 1 verified sessions.
2024-05-18 23:29:37.315 [info] Got 1 sessions for ...
2024-05-18 23:29:37.322 [info] Getting sessions for user:email...
2024-05-18 23:29:37.322 [info] Got 1 sessions for user:email...
2024-05-18 23:29:37.877 [info] Getting sessions for read:user,repo,user:email,workflow...
2024-05-18 23:29:37.877 [info] Got 0 sessions for read:user,repo,user:email,workflow...
2024-05-18 23:29:37.878 [info] Getting sessions for read:user...
2024-05-18 23:29:37.878 [info] Got 0 sessions for read:user...
2024-05-18 23:29:37.879 [info] Getting sessions for user:email...
2024-05-18 23:29:37.879 [info] Got 1 sessions for user:email...
2024-05-18 23:29:38.266 [info] Getting sessions for read:user,repo,user:email,workflow...
2024-05-18 23:29:38.266 [info] Got 0 sessions for read:user,repo,user:email,workflow...
2024-05-18 23:29:38.268 [info] Getting sessions for read:user...
2024-05-18 23:29:38.268 [info] Got 0 sessions for read:user...
2024-05-18 23:29:38.269 [info] Getting sessions for user:email...
2024-05-18 23:29:38.269 [info] Got 1 sessions for user:email...
2024-05-18 23:29:43.567 [info] Getting sessions for all scopes...
2024-05-18 23:29:43.568 [info] Got 1 sessions for ...
2024-05-18 23:29:44.144 [info] Getting sessions for all scopes...
2024-05-18 23:29:44.144 [info] Got 1 sessions for ...
2024-05-18 23:29:45.851 [info] Getting sessions for all scopes...
2024-05-18 23:29:45.851 [info] Got 1 sessions for ...
2024-05-18 23:29:59.910 [info] Getting sessions for all scopes...
2024-05-18 23:29:59.910 [info] Got 1 sessions for ...
2024-05-18 23:29:59.941 [info] Getting sessions for all scopes...
2024-05-18 23:29:59.941 [info] Got 1 sessions for ...
2024-05-18 23:30:07.758 [info] Getting sessions for all scopes...
2024-05-18 23:30:07.758 [info] Got 1 sessions for ...
2024-05-18 23:31:18.836 [info] Getting sessions for all scopes...
2024-05-18 23:31:18.836 [info] Got 1 sessions for ...
2024-05-18 23:31:20.235 [info] Getting sessions for all scopes...
2024-05-18 23:31:20.235 [info] Got 1 sessions for ...
2024-05-18 23:31:25.498 [info] Getting sessions for all scopes...
2024-05-18 23:31:25.498 [info] Got 1 sessions for ...
2024-05-18 23:34:54.664 [info] Getting sessions for all scopes...
2024-05-18 23:34:54.664 [info] Got 1 sessions for ...
2024-05-18 23:35:00.039 [info] Getting sessions for all scopes...
2024-05-18 23:35:00.039 [info] Got 1 sessions for ...
2024-05-18 23:35:09.432 [info] Getting sessions for all scopes...
2024-05-18 23:35:09.432 [info] Got 1 sessions for ...
2024-05-18 23:36:21.599 [info] Getting sessions for all scopes...
2024-05-18 23:36:21.599 [info] Got 1 sessions for ...
2024-05-18 23:36:40.469 [info] Getting sessions for all scopes...
2024-05-18 23:36:40.469 [info] Got 1 sessions for ...
2024-05-18 23:38:14.684 [info] Getting sessions for all scopes...
2024-05-18 23:38:14.684 [info] Got 1 sessions for ...
2024-05-18 23:38:17.698 [info] Getting sessions for all scopes...
2024-05-18 23:38:17.698 [info] Got 1 sessions for ...
