2024-05-19 04:23:51.856 [info] Reading sessions from keychain...
2024-05-19 04:23:51.856 [info] Getting sessions for all scopes...
2024-05-19 04:23:51.856 [info] Got stored sessions!
2024-05-19 04:23:51.856 [info] Got 1 verified sessions.
2024-05-19 04:23:51.856 [info] Got 1 sessions for ...
2024-05-19 04:23:51.856 [info] Getting sessions for user:email...
2024-05-19 04:23:51.856 [info] Got 1 sessions for user:email...
2024-05-19 04:23:52.307 [info] Getting sessions for read:user,repo,user:email,workflow...
2024-05-19 04:23:52.307 [info] Got 0 sessions for read:user,repo,user:email,workflow...
2024-05-19 04:23:52.309 [info] Getting sessions for read:user...
2024-05-19 04:23:52.309 [info] Got 0 sessions for read:user...
2024-05-19 04:23:52.310 [info] Getting sessions for user:email...
2024-05-19 04:23:52.310 [info] Got 1 sessions for user:email...
2024-05-19 04:23:52.695 [info] Getting sessions for read:user,repo,user:email,workflow...
2024-05-19 04:23:52.695 [info] Got 0 sessions for read:user,repo,user:email,workflow...
2024-05-19 04:23:52.698 [info] Getting sessions for read:user...
2024-05-19 04:23:52.698 [info] Got 0 sessions for read:user...
2024-05-19 04:23:52.698 [info] Getting sessions for user:email...
2024-05-19 04:23:52.699 [info] Got 1 sessions for user:email...
2024-05-19 04:23:53.023 [info] Getting sessions for all scopes...
2024-05-19 04:23:53.023 [info] Got 1 sessions for ...
2024-05-19 04:24:52.912 [info] Reading sessions from keychain...
2024-05-19 04:24:52.912 [info] Getting sessions for user:email...
2024-05-19 04:24:52.912 [info] Getting sessions for all scopes...
2024-05-19 04:24:52.912 [info] Getting sessions for all scopes...
2024-05-19 04:24:52.912 [info] Got stored sessions!
2024-05-19 04:24:52.912 [info] Got 1 verified sessions.
2024-05-19 04:24:52.912 [info] Got 1 sessions for user:email...
2024-05-19 04:24:52.912 [info] Got 1 sessions for ...
2024-05-19 04:24:52.912 [info] Got 1 sessions for ...
2024-05-19 04:24:53.591 [info] Getting sessions for read:user,repo,user:email,workflow...
2024-05-19 04:24:53.591 [info] Got 0 sessions for read:user,repo,user:email,workflow...
2024-05-19 04:24:53.606 [info] Getting sessions for read:user...
2024-05-19 04:24:53.607 [info] Got 0 sessions for read:user...
2024-05-19 04:24:53.610 [info] Getting sessions for user:email...
2024-05-19 04:24:53.610 [info] Got 1 sessions for user:email...
2024-05-19 04:24:54.214 [info] Getting sessions for read:user,repo,user:email,workflow...
2024-05-19 04:24:54.214 [info] Got 0 sessions for read:user,repo,user:email,workflow...
2024-05-19 04:24:54.216 [info] Getting sessions for read:user...
2024-05-19 04:24:54.216 [info] Got 0 sessions for read:user...
2024-05-19 04:24:54.217 [info] Getting sessions for user:email...
2024-05-19 04:24:54.217 [info] Got 1 sessions for user:email...
2024-05-19 04:25:07.898 [info] Getting sessions for all scopes...
2024-05-19 04:25:07.898 [info] Got 1 sessions for ...
2024-05-19 04:28:40.214 [info] Getting sessions for all scopes...
2024-05-19 04:28:40.214 [info] Got 1 sessions for ...
2024-05-19 04:28:50.222 [info] Reading sessions from keychain...
2024-05-19 04:28:50.222 [info] Getting sessions for user:email...
2024-05-19 04:28:50.222 [info] Getting sessions for all scopes...
2024-05-19 04:28:50.222 [info] Getting sessions for all scopes...
2024-05-19 04:28:50.222 [info] Got stored sessions!
2024-05-19 04:28:50.222 [info] Got 1 verified sessions.
2024-05-19 04:28:50.222 [info] Got 1 sessions for user:email...
2024-05-19 04:28:50.222 [info] Got 1 sessions for ...
2024-05-19 04:28:50.222 [info] Got 1 sessions for ...
2024-05-19 04:28:55.945 [info] Getting sessions for all scopes...
2024-05-19 04:28:55.945 [info] Got 1 sessions for ...
2024-05-19 04:28:55.975 [info] Getting sessions for read:user,repo,user:email,workflow...
2024-05-19 04:28:55.975 [info] Got 0 sessions for read:user,repo,user:email,workflow...
2024-05-19 04:28:55.977 [info] Getting sessions for read:user...
2024-05-19 04:28:55.977 [info] Got 0 sessions for read:user...
2024-05-19 04:28:55.978 [info] Getting sessions for user:email...
2024-05-19 04:28:55.978 [info] Got 1 sessions for user:email...
2024-05-19 04:28:56.136 [info] Getting sessions for read:user,repo,user:email,workflow...
2024-05-19 04:28:56.136 [info] Got 0 sessions for read:user,repo,user:email,workflow...
2024-05-19 04:28:56.141 [info] Getting sessions for read:user...
2024-05-19 04:28:56.141 [info] Got 0 sessions for read:user...
2024-05-19 04:28:56.143 [info] Getting sessions for user:email...
2024-05-19 04:28:56.143 [info] Got 1 sessions for user:email...
2024-05-19 04:28:56.476 [info] Getting sessions for read:user,repo,user:email,workflow...
2024-05-19 04:28:56.476 [info] Got 0 sessions for read:user,repo,user:email,workflow...
2024-05-19 04:28:56.479 [info] Getting sessions for read:user...
2024-05-19 04:28:56.479 [info] Got 0 sessions for read:user...
2024-05-19 04:28:56.480 [info] Getting sessions for user:email...
2024-05-19 04:28:56.480 [info] Got 1 sessions for user:email...
2024-05-19 04:29:01.716 [info] Getting sessions for all scopes...
2024-05-19 04:29:01.716 [info] Got 1 sessions for ...
2024-05-19 04:29:50.556 [info] Getting sessions for all scopes...
2024-05-19 04:29:50.556 [info] Got 1 sessions for ...
2024-05-19 04:30:06.128 [info] Getting sessions for all scopes...
2024-05-19 04:30:06.128 [info] Got 1 sessions for ...
2024-05-19 04:30:08.392 [info] Getting sessions for all scopes...
2024-05-19 04:30:08.392 [info] Got 1 sessions for ...
2024-05-19 04:30:15.173 [info] Getting sessions for all scopes...
2024-05-19 04:30:15.173 [info] Got 1 sessions for ...
2024-05-19 04:30:16.771 [info] Getting sessions for all scopes...
2024-05-19 04:30:16.771 [info] Got 1 sessions for ...
2024-05-19 04:30:37.116 [info] Reading sessions from keychain...
2024-05-19 04:30:37.116 [info] Getting sessions for user:email...
2024-05-19 04:30:37.116 [info] Getting sessions for all scopes...
2024-05-19 04:30:37.116 [info] Getting sessions for all scopes...
2024-05-19 04:30:37.116 [info] Got stored sessions!
2024-05-19 04:30:37.116 [info] Got 1 verified sessions.
2024-05-19 04:30:37.116 [info] Got 1 sessions for user:email...
2024-05-19 04:30:37.116 [info] Got 1 sessions for ...
2024-05-19 04:30:37.116 [info] Got 1 sessions for ...
2024-05-19 04:30:37.116 [info] Getting sessions for read:user,repo,user:email,workflow...
2024-05-19 04:30:37.116 [info] Got 0 sessions for read:user,repo,user:email,workflow...
2024-05-19 04:30:37.116 [info] Getting sessions for read:user...
2024-05-19 04:30:37.116 [info] Got 0 sessions for read:user...
2024-05-19 04:30:37.116 [info] Getting sessions for user:email...
2024-05-19 04:30:37.116 [info] Got 1 sessions for user:email...
2024-05-19 04:30:37.696 [info] Getting sessions for read:user,repo,user:email,workflow...
2024-05-19 04:30:37.696 [info] Got 0 sessions for read:user,repo,user:email,workflow...
2024-05-19 04:30:37.705 [info] Getting sessions for read:user,repo,user:email,workflow...
2024-05-19 04:30:37.705 [info] Got 0 sessions for read:user,repo,user:email,workflow...
2024-05-19 04:30:37.705 [info] Getting sessions for read:user...
2024-05-19 04:30:37.705 [info] Got 0 sessions for read:user...
2024-05-19 04:30:37.705 [info] Getting sessions for user:email...
2024-05-19 04:30:37.705 [info] Got 1 sessions for user:email...
2024-05-19 04:30:37.710 [info] Getting sessions for read:user...
2024-05-19 04:30:37.710 [info] Got 0 sessions for read:user...
2024-05-19 04:30:37.711 [info] Getting sessions for read:user,repo,user:email,workflow...
2024-05-19 04:30:37.711 [info] Got 0 sessions for read:user,repo,user:email,workflow...
2024-05-19 04:30:37.711 [info] Getting sessions for read:user...
2024-05-19 04:30:37.711 [info] Got 0 sessions for read:user...
2024-05-19 04:30:37.711 [info] Getting sessions for user:email...
2024-05-19 04:30:37.711 [info] Got 1 sessions for user:email...
2024-05-19 04:30:37.714 [info] Getting sessions for user:email...
2024-05-19 04:30:37.714 [info] Got 1 sessions for user:email...
2024-05-19 04:30:38.367 [info] Getting sessions for read:user,repo,user:email,workflow...
2024-05-19 04:30:38.367 [info] Got 0 sessions for read:user,repo,user:email,workflow...
2024-05-19 04:30:38.367 [info] Getting sessions for read:user...
2024-05-19 04:30:38.367 [info] Got 0 sessions for read:user...
2024-05-19 04:30:38.367 [info] Getting sessions for user:email...
2024-05-19 04:30:38.367 [info] Got 1 sessions for user:email...
2024-05-19 04:30:57.720 [info] Reading sessions from keychain...
2024-05-19 04:30:57.720 [info] Getting sessions for user:email...
2024-05-19 04:30:57.720 [info] Getting sessions for all scopes...
2024-05-19 04:30:57.720 [info] Getting sessions for all scopes...
2024-05-19 04:30:57.720 [info] Got stored sessions!
2024-05-19 04:30:57.720 [info] Got 1 verified sessions.
2024-05-19 04:30:57.720 [info] Got 1 sessions for user:email...
2024-05-19 04:30:57.720 [info] Got 1 sessions for ...
2024-05-19 04:30:57.720 [info] Got 1 sessions for ...
2024-05-19 04:30:57.720 [info] Getting sessions for read:user,repo,user:email,workflow...
2024-05-19 04:30:57.720 [info] Got 0 sessions for read:user,repo,user:email,workflow...
2024-05-19 04:30:57.720 [info] Getting sessions for read:user...
2024-05-19 04:30:57.720 [info] Got 0 sessions for read:user...
2024-05-19 04:30:57.720 [info] Getting sessions for user:email...
2024-05-19 04:30:57.720 [info] Got 1 sessions for user:email...
2024-05-19 04:30:58.572 [info] Getting sessions for read:user,repo,user:email,workflow...
2024-05-19 04:30:58.572 [info] Got 0 sessions for read:user,repo,user:email,workflow...
2024-05-19 04:30:58.583 [info] Getting sessions for read:user...
2024-05-19 04:30:58.584 [info] Got 0 sessions for read:user...
2024-05-19 04:30:58.586 [info] Getting sessions for user:email...
2024-05-19 04:30:58.586 [info] Got 1 sessions for user:email...
2024-05-19 04:30:58.751 [info] Getting sessions for read:user,repo,user:email,workflow...
2024-05-19 04:30:58.751 [info] Got 0 sessions for read:user,repo,user:email,workflow...
2024-05-19 04:30:58.751 [info] Getting sessions for read:user...
2024-05-19 04:30:58.751 [info] Got 0 sessions for read:user...
2024-05-19 04:30:58.751 [info] Getting sessions for user:email...
2024-05-19 04:30:58.751 [info] Got 1 sessions for user:email...
2024-05-19 04:30:58.761 [info] Getting sessions for read:user,repo,user:email,workflow...
2024-05-19 04:30:58.761 [info] Got 0 sessions for read:user,repo,user:email,workflow...
2024-05-19 04:30:58.762 [info] Getting sessions for read:user...
2024-05-19 04:30:58.762 [info] Got 0 sessions for read:user...
2024-05-19 04:30:58.762 [info] Getting sessions for user:email...
2024-05-19 04:30:58.762 [info] Got 1 sessions for user:email...
2024-05-19 04:30:59.221 [info] Getting sessions for read:user,repo,user:email,workflow...
2024-05-19 04:30:59.221 [info] Got 0 sessions for read:user,repo,user:email,workflow...
2024-05-19 04:30:59.221 [info] Getting sessions for read:user...
2024-05-19 04:30:59.221 [info] Got 0 sessions for read:user...
2024-05-19 04:30:59.221 [info] Getting sessions for user:email...
2024-05-19 04:30:59.221 [info] Got 1 sessions for user:email...
